21-May-2021 18:17:09.817 信息 [main] org.apache.catalina.startup.VersionLoggerListener.log Server.服务器版本: Apache Tomcat/9.0.46
21-May-2021 18:17:09.824 信息 [main] org.apache.catalina.startup.VersionLoggerListener.log 服务器构建:        May 8 2021 17:35:52 UTC
21-May-2021 18:17:09.824 信息 [main] org.apache.catalina.startup.VersionLoggerListener.log 服务器版本号:      9.0.46.0
21-May-2021 18:17:09.825 信息 [main] org.apache.catalina.startup.VersionLoggerListener.log 操作系统名称:      Windows 10
21-May-2021 18:17:09.825 信息 [main] org.apache.catalina.startup.VersionLoggerListener.log OS.版本:           10.0
21-May-2021 18:17:09.825 信息 [main] org.apache.catalina.startup.VersionLoggerListener.log 架构:              amd64
21-May-2021 18:17:09.825 信息 [main] org.apache.catalina.startup.VersionLoggerListener.log Java 环境变量:     D:\Program Files\Java\jdk1.8.0_261\jre
21-May-2021 18:17:09.826 信息 [main] org.apache.catalina.startup.VersionLoggerListener.log Java虚拟机版本:    1.8.0_261-b12
21-May-2021 18:17:09.826 信息 [main] org.apache.catalina.startup.VersionLoggerListener.log JVM.供应商:        Oracle Corporation
21-May-2021 18:17:09.826 信息 [main] org.apache.catalina.startup.VersionLoggerListener.log CATALINA_BASE:     C:\Users\Admin\Downloads\apache-tomcat-9.0.46\apache-tomcat-9.0.46
21-May-2021 18:17:09.827 信息 [main] org.apache.catalina.startup.VersionLoggerListener.log CATALINA_HOME:     C:\Users\Admin\Downloads\apache-tomcat-9.0.46\apache-tomcat-9.0.46
21-May-2021 18:17:09.830 信息 [main] org.apache.catalina.startup.VersionLoggerListener.log 命令行参数：       -Djava.util.logging.config.file=C:\Users\Admin\Downloads\apache-tomcat-9.0.46\apache-tomcat-9.0.46\conf\logging.properties
21-May-2021 18:17:09.830 信息 [main] org.apache.catalina.startup.VersionLoggerListener.log 命令行参数：       -Djava.util.logging.manager=org.apache.juli.ClassLoaderLogManager
21-May-2021 18:17:09.831 信息 [main] org.apache.catalina.startup.VersionLoggerListener.log 命令行参数：       -Djdk.tls.ephemeralDHKeySize=2048
21-May-2021 18:17:09.831 信息 [main] org.apache.catalina.startup.VersionLoggerListener.log 命令行参数：       -Djava.protocol.handler.pkgs=org.apache.catalina.webresources
21-May-2021 18:17:09.832 信息 [main] org.apache.catalina.startup.VersionLoggerListener.log 命令行参数：       -Dignore.endorsed.dirs=
21-May-2021 18:17:09.842 信息 [main] org.apache.catalina.startup.VersionLoggerListener.log 命令行参数：       -Dcatalina.base=C:\Users\Admin\Downloads\apache-tomcat-9.0.46\apache-tomcat-9.0.46
21-May-2021 18:17:09.848 信息 [main] org.apache.catalina.startup.VersionLoggerListener.log 命令行参数：       -Dcatalina.home=C:\Users\Admin\Downloads\apache-tomcat-9.0.46\apache-tomcat-9.0.46
21-May-2021 18:17:09.851 信息 [main] org.apache.catalina.startup.VersionLoggerListener.log 命令行参数：       -Djava.io.tmpdir=C:\Users\Admin\Downloads\apache-tomcat-9.0.46\apache-tomcat-9.0.46\temp
21-May-2021 18:17:09.878 信息 [main] org.apache.catalina.core.AprLifecycleListener.lifecycleEvent 在java.library.path:[D:\Program Files\Java\jdk1.8.0_261\bin;C:\WINDOWS\Sun\Java\bin;C:\WINDOWS\system32;C:\WINDOWS;C:\Program Files (x86)\Common Files\Oracle\Java\javapath;C:\WINDOWS\system32;C:\WINDOWS;C:\WINDOWS\System32\Wbem;C:\WINDOWS\System32\WindowsPowerShell\v1.0\;C:\WINDOWS\System32\OpenSSH\;D:\Program Files\Java\jdk1.8.0_261\bin;D:\Program Files\Java\jdk1.8.0_261\jre\bin;D:\software\apache-maven-3.6.3\bin;D:\software\Apache-Subversion-1.14.0\bin;D:\Program Files\nodejs\;d:\Program Files\Git\cmd;D:\software\gradle-6.7.1\bin;";C:\WINDOWS\system32;C:\WINDOWS;C:\WINDOWS\System32\Wbem;C:\Windows\SysWOW64";C:\Program Files\Docker\Docker\resources\bin;C:\ProgramData\DockerDesktop\version-bin;D:\software\apache-ant-1.10.10\bin;C:\Users\Admin\AppData\Local\Microsoft\WindowsApps;C:\Users\Admin\AppData\Roaming\npm;d:\Users\Admin\AppData\Local\Programs\Fiddler;.]上找不到基于APR的Apache Tomcat本机库，该库允许在生产环境中获得最佳性能
21-May-2021 18:17:10.498 信息 [main] org.apache.coyote.AbstractProtocol.init 初始化协议处理器 ["http-nio-8080"]
21-May-2021 18:17:11.342 信息 [main] org.apache.catalina.startup.Catalina.load 服务器在[1894]毫秒内初始化
21-May-2021 18:17:11.397 信息 [main] org.apache.catalina.core.StandardService.startInternal 正在启动服务[Catalina]
21-May-2021 18:17:11.398 信息 [main] org.apache.catalina.core.StandardEngine.startInternal 正在启动 Servlet 引擎：[Apache Tomcat/9.0.46]
21-May-2021 18:17:11.426 信息 [main] org.apache.catalina.startup.HostConfig.deployDirectory 把web 应用程序部署到目录 [C:\Users\Admin\Downloads\apache-tomcat-9.0.46\apache-tomcat-9.0.46\webapps\docs]
21-May-2021 18:17:11.962 信息 [main] org.apache.catalina.startup.HostConfig.deployDirectory Web应用程序目录[C:\Users\Admin\Downloads\apache-tomcat-9.0.46\apache-tomcat-9.0.46\webapps\docs]的部署已在[532]毫秒内完成
21-May-2021 18:17:11.973 信息 [main] org.apache.catalina.startup.HostConfig.deployDirectory 把web 应用程序部署到目录 [C:\Users\Admin\Downloads\apache-tomcat-9.0.46\apache-tomcat-9.0.46\webapps\examples]
21-May-2021 18:17:12.932 信息 [main] org.apache.catalina.startup.HostConfig.deployDirectory Web应用程序目录[C:\Users\Admin\Downloads\apache-tomcat-9.0.46\apache-tomcat-9.0.46\webapps\examples]的部署已在[959]毫秒内完成
21-May-2021 18:17:12.944 信息 [main] org.apache.catalina.startup.HostConfig.deployDirectory 把web 应用程序部署到目录 [C:\Users\Admin\Downloads\apache-tomcat-9.0.46\apache-tomcat-9.0.46\webapps\host-manager]
21-May-2021 18:17:13.034 信息 [main] org.apache.catalina.startup.HostConfig.deployDirectory Web应用程序目录[C:\Users\Admin\Downloads\apache-tomcat-9.0.46\apache-tomcat-9.0.46\webapps\host-manager]的部署已在[91]毫秒内完成
21-May-2021 18:17:13.044 信息 [main] org.apache.catalina.startup.HostConfig.deployDirectory 把web 应用程序部署到目录 [C:\Users\Admin\Downloads\apache-tomcat-9.0.46\apache-tomcat-9.0.46\webapps\manager]
21-May-2021 18:17:13.138 信息 [main] org.apache.catalina.startup.HostConfig.deployDirectory Web应用程序目录[C:\Users\Admin\Downloads\apache-tomcat-9.0.46\apache-tomcat-9.0.46\webapps\manager]的部署已在[93]毫秒内完成
21-May-2021 18:17:13.148 信息 [main] org.apache.catalina.startup.HostConfig.deployDirectory 把web 应用程序部署到目录 [C:\Users\Admin\Downloads\apache-tomcat-9.0.46\apache-tomcat-9.0.46\webapps\ROOT]
21-May-2021 18:17:13.215 信息 [main] org.apache.catalina.startup.HostConfig.deployDirectory Web应用程序目录[C:\Users\Admin\Downloads\apache-tomcat-9.0.46\apache-tomcat-9.0.46\webapps\ROOT]的部署已在[67]毫秒内完成
21-May-2021 18:17:13.225 信息 [main] org.apache.catalina.startup.HostConfig.deployDirectory 把web 应用程序部署到目录 [C:\Users\Admin\Downloads\apache-tomcat-9.0.46\apache-tomcat-9.0.46\webapps\web-0.0.1-SNAPSHOT-test]
21-May-2021 18:17:20.763 信息 [main] org.apache.jasper.servlet.TldScanner.scanJars 至少有一个JAR被扫描用于TLD但尚未包含TLD。 为此记录器启用调试日志记录，以获取已扫描但未在其中找到TLD的完整JAR列表。 在扫描期间跳过不需要的JAR可以缩短启动时间和JSP编译时间。
21-May-2021 18:17:40.041 信息 [main] org.apache.catalina.startup.HostConfig.deployDirectory Web应用程序目录[C:\Users\Admin\Downloads\apache-tomcat-9.0.46\apache-tomcat-9.0.46\webapps\web-0.0.1-SNAPSHOT-test]的部署已在[26,815]毫秒内完成
21-May-2021 18:17:40.066 信息 [main] org.apache.coyote.AbstractProtocol.start 开始协议处理句柄["http-nio-8080"]
21-May-2021 18:17:40.110 信息 [main] org.apache.catalina.startup.Catalina.start [28766]毫秒后服务器启动
21-May-2021 19:30:40.484 信息 [main] org.apache.catalina.startup.VersionLoggerListener.log Server.服务器版本: Apache Tomcat/9.0.46
21-May-2021 19:30:40.491 信息 [main] org.apache.catalina.startup.VersionLoggerListener.log 服务器构建:        May 8 2021 17:35:52 UTC
21-May-2021 19:30:40.492 信息 [main] org.apache.catalina.startup.VersionLoggerListener.log 服务器版本号:      9.0.46.0
21-May-2021 19:30:40.493 信息 [main] org.apache.catalina.startup.VersionLoggerListener.log 操作系统名称:      Windows 10
21-May-2021 19:30:40.493 信息 [main] org.apache.catalina.startup.VersionLoggerListener.log OS.版本:           10.0
21-May-2021 19:30:40.494 信息 [main] org.apache.catalina.startup.VersionLoggerListener.log 架构:              amd64
21-May-2021 19:30:40.494 信息 [main] org.apache.catalina.startup.VersionLoggerListener.log Java 环境变量:     D:\Program Files\Java\jdk1.8.0_261\jre
21-May-2021 19:30:40.495 信息 [main] org.apache.catalina.startup.VersionLoggerListener.log Java虚拟机版本:    1.8.0_261-b12
21-May-2021 19:30:40.496 信息 [main] org.apache.catalina.startup.VersionLoggerListener.log JVM.供应商:        Oracle Corporation
21-May-2021 19:30:40.496 信息 [main] org.apache.catalina.startup.VersionLoggerListener.log CATALINA_BASE:     D:\project\apache-tomcat\9.0.46\bin
21-May-2021 19:30:40.496 信息 [main] org.apache.catalina.startup.VersionLoggerListener.log CATALINA_HOME:     D:\project\apache-tomcat\9.0.46\bin
21-May-2021 19:30:40.499 信息 [main] org.apache.catalina.startup.VersionLoggerListener.log 命令行参数：       -Djava.util.logging.config.file=D:\project\apache-tomcat\9.0.46\bin\conf\logging.properties
21-May-2021 19:30:40.500 信息 [main] org.apache.catalina.startup.VersionLoggerListener.log 命令行参数：       -Djava.util.logging.manager=org.apache.juli.ClassLoaderLogManager
21-May-2021 19:30:40.500 信息 [main] org.apache.catalina.startup.VersionLoggerListener.log 命令行参数：       -Djdk.tls.ephemeralDHKeySize=2048
21-May-2021 19:30:40.500 信息 [main] org.apache.catalina.startup.VersionLoggerListener.log 命令行参数：       -Djava.protocol.handler.pkgs=org.apache.catalina.webresources
21-May-2021 19:30:40.503 信息 [main] org.apache.catalina.startup.VersionLoggerListener.log 命令行参数：       -Dignore.endorsed.dirs=
21-May-2021 19:30:40.504 信息 [main] org.apache.catalina.startup.VersionLoggerListener.log 命令行参数：       -Dcatalina.base=D:\project\apache-tomcat\9.0.46\bin
21-May-2021 19:30:40.508 信息 [main] org.apache.catalina.startup.VersionLoggerListener.log 命令行参数：       -Dcatalina.home=D:\project\apache-tomcat\9.0.46\bin
21-May-2021 19:30:40.509 信息 [main] org.apache.catalina.startup.VersionLoggerListener.log 命令行参数：       -Djava.io.tmpdir=D:\project\apache-tomcat\9.0.46\bin\temp
21-May-2021 19:30:40.538 信息 [main] org.apache.catalina.core.AprLifecycleListener.lifecycleEvent 在java.library.path:[D:\Program Files\Java\jdk1.8.0_261\bin;C:\WINDOWS\Sun\Java\bin;C:\WINDOWS\system32;C:\WINDOWS;C:\Program Files (x86)\Common Files\Oracle\Java\javapath;C:\WINDOWS\system32;C:\WINDOWS;C:\WINDOWS\System32\Wbem;C:\WINDOWS\System32\WindowsPowerShell\v1.0\;C:\WINDOWS\System32\OpenSSH\;D:\Program Files\Java\jdk1.8.0_261\bin;D:\Program Files\Java\jdk1.8.0_261\jre\bin;D:\software\apache-maven-3.6.3\bin;D:\software\Apache-Subversion-1.14.0\bin;D:\Program Files\nodejs\;d:\Program Files\Git\cmd;D:\software\gradle-6.7.1\bin;";C:\WINDOWS\system32;C:\WINDOWS;C:\WINDOWS\System32\Wbem;C:\Windows\SysWOW64";C:\Program Files\Docker\Docker\resources\bin;C:\ProgramData\DockerDesktop\version-bin;D:\software\apache-ant-1.10.10\bin;C:\Users\Admin\AppData\Local\Microsoft\WindowsApps;C:\Users\Admin\AppData\Roaming\npm;d:\Users\Admin\AppData\Local\Programs\Fiddler;.]上找不到基于APR的Apache Tomcat本机库，该库允许在生产环境中获得最佳性能
21-May-2021 19:30:41.434 信息 [main] org.apache.coyote.AbstractProtocol.init 初始化协议处理器 ["http-nio-8080"]
21-May-2021 19:30:42.565 严重 [main] org.apache.catalina.util.LifecycleBase.handleSubClassException 初始化组件[Connector[HTTP/1.1-8080]]失败。
	org.apache.catalina.LifecycleException: 协议处理程序初始化失败
		at org.apache.catalina.connector.Connector.initInternal(Connector.java:1049)
		at org.apache.catalina.util.LifecycleBase.init(LifecycleBase.java:136)
		at org.apache.catalina.core.StandardService.initInternal(StandardService.java:556)
		at org.apache.catalina.util.LifecycleBase.init(LifecycleBase.java:136)
		at org.apache.catalina.core.StandardServer.initInternal(StandardServer.java:1045)
		at org.apache.catalina.util.LifecycleBase.init(LifecycleBase.java:136)
		at org.apache.catalina.startup.Catalina.load(Catalina.java:724)
		at org.apache.catalina.startup.Catalina.load(Catalina.java:746)
		at sun.reflect.NativeMethodAccessorImpl.invoke0(Native Method)
		at sun.reflect.NativeMethodAccessorImpl.invoke(NativeMethodAccessorImpl.java:62)
		at sun.reflect.DelegatingMethodAccessorImpl.invoke(DelegatingMethodAccessorImpl.java:43)
		at java.lang.reflect.Method.invoke(Method.java:498)
		at org.apache.catalina.startup.Bootstrap.load(Bootstrap.java:302)
		at org.apache.catalina.startup.Bootstrap.main(Bootstrap.java:472)
	Caused by: java.net.BindException: Address already in use: bind
		at sun.nio.ch.Net.bind0(Native Method)
		at sun.nio.ch.Net.bind(Net.java:444)
		at sun.nio.ch.Net.bind(Net.java:436)
		at sun.nio.ch.ServerSocketChannelImpl.bind(ServerSocketChannelImpl.java:225)
		at org.apache.tomcat.util.net.NioEndpoint.initServerSocket(NioEndpoint.java:300)
		at org.apache.tomcat.util.net.NioEndpoint.bind(NioEndpoint.java:253)
		at org.apache.tomcat.util.net.AbstractEndpoint.bindWithCleanup(AbstractEndpoint.java:1204)
		at org.apache.tomcat.util.net.AbstractEndpoint.init(AbstractEndpoint.java:1217)
		at org.apache.coyote.AbstractProtocol.init(AbstractProtocol.java:603)
		at org.apache.coyote.http11.AbstractHttp11Protocol.init(AbstractHttp11Protocol.java:80)
		at org.apache.catalina.connector.Connector.initInternal(Connector.java:1046)
		... 13 more
21-May-2021 19:30:42.579 信息 [main] org.apache.catalina.startup.Catalina.load 服务器在[2453]毫秒内初始化
21-May-2021 19:30:42.635 信息 [main] org.apache.catalina.core.StandardService.startInternal 正在启动服务[Catalina]
21-May-2021 19:30:42.636 信息 [main] org.apache.catalina.core.StandardEngine.startInternal 正在启动 Servlet 引擎：[Apache Tomcat/9.0.46]
21-May-2021 19:30:42.667 信息 [main] org.apache.catalina.startup.HostConfig.deployDirectory 把web 应用程序部署到目录 [D:\project\apache-tomcat\9.0.46\bin\webapps\web-0.0.1-SNAPSHOT-test]
21-May-2021 19:30:56.115 信息 [main] org.apache.catalina.startup.VersionLoggerListener.log Server.服务器版本: Apache Tomcat/9.0.46
21-May-2021 19:30:56.121 信息 [main] org.apache.catalina.startup.VersionLoggerListener.log 服务器构建:        May 8 2021 17:35:52 UTC
21-May-2021 19:30:56.121 信息 [main] org.apache.catalina.startup.VersionLoggerListener.log 服务器版本号:      9.0.46.0
21-May-2021 19:30:56.121 信息 [main] org.apache.catalina.startup.VersionLoggerListener.log 操作系统名称:      Windows 10
21-May-2021 19:30:56.122 信息 [main] org.apache.catalina.startup.VersionLoggerListener.log OS.版本:           10.0
21-May-2021 19:30:56.122 信息 [main] org.apache.catalina.startup.VersionLoggerListener.log 架构:              amd64
21-May-2021 19:30:56.122 信息 [main] org.apache.catalina.startup.VersionLoggerListener.log Java 环境变量:     D:\Program Files\Java\jdk1.8.0_261\jre
21-May-2021 19:30:56.122 信息 [main] org.apache.catalina.startup.VersionLoggerListener.log Java虚拟机版本:    1.8.0_261-b12
21-May-2021 19:30:56.124 信息 [main] org.apache.catalina.startup.VersionLoggerListener.log JVM.供应商:        Oracle Corporation
21-May-2021 19:30:56.124 信息 [main] org.apache.catalina.startup.VersionLoggerListener.log CATALINA_BASE:     D:\project\apache-tomcat\9.0.46\bin
21-May-2021 19:30:56.125 信息 [main] org.apache.catalina.startup.VersionLoggerListener.log CATALINA_HOME:     D:\project\apache-tomcat\9.0.46\bin
21-May-2021 19:30:56.129 信息 [main] org.apache.catalina.startup.VersionLoggerListener.log 命令行参数：       -Djava.util.logging.config.file=D:\project\apache-tomcat\9.0.46\bin\conf\logging.properties
21-May-2021 19:30:56.129 信息 [main] org.apache.catalina.startup.VersionLoggerListener.log 命令行参数：       -Djava.util.logging.manager=org.apache.juli.ClassLoaderLogManager
21-May-2021 19:30:56.129 信息 [main] org.apache.catalina.startup.VersionLoggerListener.log 命令行参数：       -Djdk.tls.ephemeralDHKeySize=2048
21-May-2021 19:30:56.129 信息 [main] org.apache.catalina.startup.VersionLoggerListener.log 命令行参数：       -Djava.protocol.handler.pkgs=org.apache.catalina.webresources
21-May-2021 19:30:56.131 信息 [main] org.apache.catalina.startup.VersionLoggerListener.log 命令行参数：       -Dignore.endorsed.dirs=
21-May-2021 19:30:56.131 信息 [main] org.apache.catalina.startup.VersionLoggerListener.log 命令行参数：       -Dcatalina.base=D:\project\apache-tomcat\9.0.46\bin
21-May-2021 19:30:56.137 信息 [main] org.apache.catalina.startup.VersionLoggerListener.log 命令行参数：       -Dcatalina.home=D:\project\apache-tomcat\9.0.46\bin
21-May-2021 19:30:56.137 信息 [main] org.apache.catalina.startup.VersionLoggerListener.log 命令行参数：       -Djava.io.tmpdir=D:\project\apache-tomcat\9.0.46\bin\temp
21-May-2021 19:30:56.170 信息 [main] org.apache.catalina.core.AprLifecycleListener.lifecycleEvent 在java.library.path:[D:\Program Files\Java\jdk1.8.0_261\bin;C:\WINDOWS\Sun\Java\bin;C:\WINDOWS\system32;C:\WINDOWS;C:\Program Files (x86)\Common Files\Oracle\Java\javapath;C:\WINDOWS\system32;C:\WINDOWS;C:\WINDOWS\System32\Wbem;C:\WINDOWS\System32\WindowsPowerShell\v1.0\;C:\WINDOWS\System32\OpenSSH\;D:\Program Files\Java\jdk1.8.0_261\bin;D:\Program Files\Java\jdk1.8.0_261\jre\bin;D:\software\apache-maven-3.6.3\bin;D:\software\Apache-Subversion-1.14.0\bin;D:\Program Files\nodejs\;d:\Program Files\Git\cmd;D:\software\gradle-6.7.1\bin;";C:\WINDOWS\system32;C:\WINDOWS;C:\WINDOWS\System32\Wbem;C:\Windows\SysWOW64";C:\Program Files\Docker\Docker\resources\bin;C:\ProgramData\DockerDesktop\version-bin;D:\software\apache-ant-1.10.10\bin;C:\Users\Admin\AppData\Local\Microsoft\WindowsApps;C:\Users\Admin\AppData\Roaming\npm;d:\Users\Admin\AppData\Local\Programs\Fiddler;.]上找不到基于APR的Apache Tomcat本机库，该库允许在生产环境中获得最佳性能
21-May-2021 19:30:56.790 信息 [main] org.apache.coyote.AbstractProtocol.init 初始化协议处理器 ["http-nio-8080"]
21-May-2021 19:30:57.706 信息 [main] org.apache.catalina.startup.Catalina.load 服务器在[1911]毫秒内初始化
21-May-2021 19:30:57.765 信息 [main] org.apache.catalina.core.StandardService.startInternal 正在启动服务[Catalina]
21-May-2021 19:30:57.765 信息 [main] org.apache.catalina.core.StandardEngine.startInternal 正在启动 Servlet 引擎：[Apache Tomcat/9.0.46]
21-May-2021 19:30:57.786 信息 [main] org.apache.catalina.startup.HostConfig.deployDirectory 把web 应用程序部署到目录 [D:\project\apache-tomcat\9.0.46\bin\webapps\web-0.0.1-SNAPSHOT-test]
21-May-2021 19:35:47.021 信息 [main] org.apache.catalina.startup.VersionLoggerListener.log Server.服务器版本: Apache Tomcat/9.0.46
21-May-2021 19:35:47.027 信息 [main] org.apache.catalina.startup.VersionLoggerListener.log 服务器构建:        May 8 2021 17:35:52 UTC
21-May-2021 19:35:47.028 信息 [main] org.apache.catalina.startup.VersionLoggerListener.log 服务器版本号:      9.0.46.0
21-May-2021 19:35:47.028 信息 [main] org.apache.catalina.startup.VersionLoggerListener.log 操作系统名称:      Windows 10
21-May-2021 19:35:47.028 信息 [main] org.apache.catalina.startup.VersionLoggerListener.log OS.版本:           10.0
21-May-2021 19:35:47.028 信息 [main] org.apache.catalina.startup.VersionLoggerListener.log 架构:              amd64
21-May-2021 19:35:47.029 信息 [main] org.apache.catalina.startup.VersionLoggerListener.log Java 环境变量:     D:\Program Files\Java\jdk1.8.0_261\jre
21-May-2021 19:35:47.029 信息 [main] org.apache.catalina.startup.VersionLoggerListener.log Java虚拟机版本:    1.8.0_261-b12
21-May-2021 19:35:47.029 信息 [main] org.apache.catalina.startup.VersionLoggerListener.log JVM.供应商:        Oracle Corporation
21-May-2021 19:35:47.029 信息 [main] org.apache.catalina.startup.VersionLoggerListener.log CATALINA_BASE:     D:\project\apache-tomcat\9.0.46\bin
21-May-2021 19:35:47.030 信息 [main] org.apache.catalina.startup.VersionLoggerListener.log CATALINA_HOME:     D:\project\apache-tomcat\9.0.46\bin
21-May-2021 19:35:47.033 信息 [main] org.apache.catalina.startup.VersionLoggerListener.log 命令行参数：       -Djava.util.logging.config.file=D:\project\apache-tomcat\9.0.46\bin\conf\logging.properties
21-May-2021 19:35:47.034 信息 [main] org.apache.catalina.startup.VersionLoggerListener.log 命令行参数：       -Djava.util.logging.manager=org.apache.juli.ClassLoaderLogManager
21-May-2021 19:35:47.034 信息 [main] org.apache.catalina.startup.VersionLoggerListener.log 命令行参数：       -Djdk.tls.ephemeralDHKeySize=2048
21-May-2021 19:35:47.034 信息 [main] org.apache.catalina.startup.VersionLoggerListener.log 命令行参数：       -Djava.protocol.handler.pkgs=org.apache.catalina.webresources
21-May-2021 19:35:47.034 信息 [main] org.apache.catalina.startup.VersionLoggerListener.log 命令行参数：       -Dignore.endorsed.dirs=
21-May-2021 19:35:47.034 信息 [main] org.apache.catalina.startup.VersionLoggerListener.log 命令行参数：       -Dcatalina.base=D:\project\apache-tomcat\9.0.46\bin
21-May-2021 19:35:47.035 信息 [main] org.apache.catalina.startup.VersionLoggerListener.log 命令行参数：       -Dcatalina.home=D:\project\apache-tomcat\9.0.46\bin
21-May-2021 19:35:47.038 信息 [main] org.apache.catalina.startup.VersionLoggerListener.log 命令行参数：       -Djava.io.tmpdir=D:\project\apache-tomcat\9.0.46\bin\temp
21-May-2021 19:35:47.071 信息 [main] org.apache.catalina.core.AprLifecycleListener.lifecycleEvent 在java.library.path:[D:\Program Files\Java\jdk1.8.0_261\bin;C:\WINDOWS\Sun\Java\bin;C:\WINDOWS\system32;C:\WINDOWS;C:\Program Files (x86)\Common Files\Oracle\Java\javapath;C:\WINDOWS\system32;C:\WINDOWS;C:\WINDOWS\System32\Wbem;C:\WINDOWS\System32\WindowsPowerShell\v1.0\;C:\WINDOWS\System32\OpenSSH\;D:\Program Files\Java\jdk1.8.0_261\bin;D:\Program Files\Java\jdk1.8.0_261\jre\bin;D:\software\apache-maven-3.6.3\bin;D:\software\Apache-Subversion-1.14.0\bin;D:\Program Files\nodejs\;d:\Program Files\Git\cmd;D:\software\gradle-6.7.1\bin;";C:\WINDOWS\system32;C:\WINDOWS;C:\WINDOWS\System32\Wbem;C:\Windows\SysWOW64";C:\Program Files\Docker\Docker\resources\bin;C:\ProgramData\DockerDesktop\version-bin;D:\software\apache-ant-1.10.10\bin;C:\Users\Admin\AppData\Local\Microsoft\WindowsApps;C:\Users\Admin\AppData\Roaming\npm;d:\Users\Admin\AppData\Local\Programs\Fiddler;.]上找不到基于APR的Apache Tomcat本机库，该库允许在生产环境中获得最佳性能
21-May-2021 19:35:47.670 信息 [main] org.apache.coyote.AbstractProtocol.init 初始化协议处理器 ["http-nio-8080"]
21-May-2021 19:35:48.534 信息 [main] org.apache.catalina.startup.Catalina.load 服务器在[1870]毫秒内初始化
21-May-2021 19:35:48.585 信息 [main] org.apache.catalina.core.StandardService.startInternal 正在启动服务[Catalina]
21-May-2021 19:35:48.585 信息 [main] org.apache.catalina.core.StandardEngine.startInternal 正在启动 Servlet 引擎：[Apache Tomcat/9.0.46]
21-May-2021 19:35:48.604 信息 [main] org.apache.catalina.startup.HostConfig.deployDirectory 把web 应用程序部署到目录 [D:\project\apache-tomcat\9.0.46\bin\webapps\web-0.0.1-SNAPSHOT-test]
21-May-2021 19:35:54.930 信息 [main] org.apache.jasper.servlet.TldScanner.scanJars 至少有一个JAR被扫描用于TLD但尚未包含TLD。 为此记录器启用调试日志记录，以获取已扫描但未在其中找到TLD的完整JAR列表。 在扫描期间跳过不需要的JAR可以缩短启动时间和JSP编译时间。
21-May-2021 19:36:10.455 信息 [main] org.apache.catalina.startup.HostConfig.deployDirectory Web应用程序目录[D:\project\apache-tomcat\9.0.46\bin\webapps\web-0.0.1-SNAPSHOT-test]的部署已在[21,851]毫秒内完成
21-May-2021 19:36:10.465 信息 [main] org.apache.coyote.AbstractProtocol.start 开始协议处理句柄["http-nio-8080"]
21-May-2021 19:36:10.490 信息 [main] org.apache.catalina.startup.Catalina.start [21952]毫秒后服务器启动
21-May-2021 19:45:14.723 信息 [main] org.apache.catalina.startup.VersionLoggerListener.log Server.服务器版本: Apache Tomcat/9.0.46
21-May-2021 19:45:14.734 信息 [main] org.apache.catalina.startup.VersionLoggerListener.log 服务器构建:        May 8 2021 17:35:52 UTC
21-May-2021 19:45:14.734 信息 [main] org.apache.catalina.startup.VersionLoggerListener.log 服务器版本号:      9.0.46.0
21-May-2021 19:45:14.734 信息 [main] org.apache.catalina.startup.VersionLoggerListener.log 操作系统名称:      Windows 10
21-May-2021 19:45:14.735 信息 [main] org.apache.catalina.startup.VersionLoggerListener.log OS.版本:           10.0
21-May-2021 19:45:14.735 信息 [main] org.apache.catalina.startup.VersionLoggerListener.log 架构:              amd64
21-May-2021 19:45:14.735 信息 [main] org.apache.catalina.startup.VersionLoggerListener.log Java 环境变量:     D:\Program Files\Java\jdk1.8.0_261\jre
21-May-2021 19:45:14.736 信息 [main] org.apache.catalina.startup.VersionLoggerListener.log Java虚拟机版本:    1.8.0_261-b12
21-May-2021 19:45:14.736 信息 [main] org.apache.catalina.startup.VersionLoggerListener.log JVM.供应商:        Oracle Corporation
21-May-2021 19:45:14.736 信息 [main] org.apache.catalina.startup.VersionLoggerListener.log CATALINA_BASE:     D:\project\apache-tomcat\9.0.46\bin
21-May-2021 19:45:14.737 信息 [main] org.apache.catalina.startup.VersionLoggerListener.log CATALINA_HOME:     D:\project\apache-tomcat\9.0.46\bin
21-May-2021 19:45:14.741 信息 [main] org.apache.catalina.startup.VersionLoggerListener.log 命令行参数：       -Djava.util.logging.config.file=D:\project\apache-tomcat\9.0.46\bin\conf\logging.properties
21-May-2021 19:45:14.742 信息 [main] org.apache.catalina.startup.VersionLoggerListener.log 命令行参数：       -Djava.util.logging.manager=org.apache.juli.ClassLoaderLogManager
21-May-2021 19:45:14.743 信息 [main] org.apache.catalina.startup.VersionLoggerListener.log 命令行参数：       -Djdk.tls.ephemeralDHKeySize=2048
21-May-2021 19:45:14.743 信息 [main] org.apache.catalina.startup.VersionLoggerListener.log 命令行参数：       -Djava.protocol.handler.pkgs=org.apache.catalina.webresources
21-May-2021 19:45:14.743 信息 [main] org.apache.catalina.startup.VersionLoggerListener.log 命令行参数：       -agentlib:jdwp=transport=dt_socket,address=8000,server=y,suspend=y
21-May-2021 19:45:14.744 信息 [main] org.apache.catalina.startup.VersionLoggerListener.log 命令行参数：       -Dignore.endorsed.dirs=
21-May-2021 19:45:14.745 信息 [main] org.apache.catalina.startup.VersionLoggerListener.log 命令行参数：       -Dcatalina.base=D:\project\apache-tomcat\9.0.46\bin
21-May-2021 19:45:14.745 信息 [main] org.apache.catalina.startup.VersionLoggerListener.log 命令行参数：       -Dcatalina.home=D:\project\apache-tomcat\9.0.46\bin
21-May-2021 19:45:14.746 信息 [main] org.apache.catalina.startup.VersionLoggerListener.log 命令行参数：       -Djava.io.tmpdir=D:\project\apache-tomcat\9.0.46\bin\temp
21-May-2021 19:45:14.778 信息 [main] org.apache.catalina.core.AprLifecycleListener.lifecycleEvent 在java.library.path:[D:\Program Files\Java\jdk1.8.0_261\bin;C:\WINDOWS\Sun\Java\bin;C:\WINDOWS\system32;C:\WINDOWS;C:\Program Files (x86)\Common Files\Oracle\Java\javapath;C:\WINDOWS\system32;C:\WINDOWS;C:\WINDOWS\System32\Wbem;C:\WINDOWS\System32\WindowsPowerShell\v1.0\;C:\WINDOWS\System32\OpenSSH\;D:\Program Files\Java\jdk1.8.0_261\bin;D:\Program Files\Java\jdk1.8.0_261\jre\bin;D:\software\apache-maven-3.6.3\bin;D:\software\Apache-Subversion-1.14.0\bin;D:\Program Files\nodejs\;d:\Program Files\Git\cmd;D:\software\gradle-6.7.1\bin;";C:\WINDOWS\system32;C:\WINDOWS;C:\WINDOWS\System32\Wbem;C:\Windows\SysWOW64";C:\Program Files\Docker\Docker\resources\bin;C:\ProgramData\DockerDesktop\version-bin;D:\software\apache-ant-1.10.10\bin;C:\Users\Admin\AppData\Local\Microsoft\WindowsApps;C:\Users\Admin\AppData\Roaming\npm;d:\Users\Admin\AppData\Local\Programs\Fiddler;.]上找不到基于APR的Apache Tomcat本机库，该库允许在生产环境中获得最佳性能
21-May-2021 19:45:15.793 信息 [main] org.apache.coyote.AbstractProtocol.init 初始化协议处理器 ["http-nio-8080"]
21-May-2021 19:45:16.683 信息 [main] org.apache.catalina.startup.Catalina.load 服务器在[2475]毫秒内初始化
21-May-2021 19:45:16.751 信息 [main] org.apache.catalina.core.StandardService.startInternal 正在启动服务[Catalina]
21-May-2021 19:45:16.752 信息 [main] org.apache.catalina.core.StandardEngine.startInternal 正在启动 Servlet 引擎：[Apache Tomcat/9.0.46]
21-May-2021 19:45:16.777 信息 [main] org.apache.catalina.startup.HostConfig.deployDirectory 把web 应用程序部署到目录 [D:\project\apache-tomcat\9.0.46\bin\webapps\web-0.0.1-SNAPSHOT-test]
21-May-2021 19:45:23.868 信息 [main] org.apache.jasper.servlet.TldScanner.scanJars 至少有一个JAR被扫描用于TLD但尚未包含TLD。 为此记录器启用调试日志记录，以获取已扫描但未在其中找到TLD的完整JAR列表。 在扫描期间跳过不需要的JAR可以缩短启动时间和JSP编译时间。
21-May-2021 19:45:42.403 信息 [main] org.apache.catalina.startup.HostConfig.deployDirectory Web应用程序目录[D:\project\apache-tomcat\9.0.46\bin\webapps\web-0.0.1-SNAPSHOT-test]的部署已在[25,624]毫秒内完成
21-May-2021 19:45:42.414 信息 [main] org.apache.coyote.AbstractProtocol.start 开始协议处理句柄["http-nio-8080"]
21-May-2021 19:45:42.438 信息 [main] org.apache.catalina.startup.Catalina.start [25753]毫秒后服务器启动
21-May-2021 20:25:59.561 信息 [main] org.apache.catalina.startup.VersionLoggerListener.log Server.服务器版本: Apache Tomcat/9.0.46
21-May-2021 20:25:59.569 信息 [main] org.apache.catalina.startup.VersionLoggerListener.log 服务器构建:        May 8 2021 17:35:52 UTC
21-May-2021 20:25:59.569 信息 [main] org.apache.catalina.startup.VersionLoggerListener.log 服务器版本号:      9.0.46.0
21-May-2021 20:25:59.570 信息 [main] org.apache.catalina.startup.VersionLoggerListener.log 操作系统名称:      Windows 10
21-May-2021 20:25:59.570 信息 [main] org.apache.catalina.startup.VersionLoggerListener.log OS.版本:           10.0
21-May-2021 20:25:59.570 信息 [main] org.apache.catalina.startup.VersionLoggerListener.log 架构:              amd64
21-May-2021 20:25:59.571 信息 [main] org.apache.catalina.startup.VersionLoggerListener.log Java 环境变量:     D:\Program Files\Java\jdk1.8.0_261\jre
21-May-2021 20:25:59.571 信息 [main] org.apache.catalina.startup.VersionLoggerListener.log Java虚拟机版本:    1.8.0_261-b12
21-May-2021 20:25:59.571 信息 [main] org.apache.catalina.startup.VersionLoggerListener.log JVM.供应商:        Oracle Corporation
21-May-2021 20:25:59.572 信息 [main] org.apache.catalina.startup.VersionLoggerListener.log CATALINA_BASE:     D:\project\apache-tomcat\9.0.46\bin
21-May-2021 20:25:59.572 信息 [main] org.apache.catalina.startup.VersionLoggerListener.log CATALINA_HOME:     D:\project\apache-tomcat\9.0.46\bin
21-May-2021 20:25:59.576 信息 [main] org.apache.catalina.startup.VersionLoggerListener.log 命令行参数：       -Djava.util.logging.config.file=D:\project\apache-tomcat\9.0.46\bin\conf\logging.properties
21-May-2021 20:25:59.577 信息 [main] org.apache.catalina.startup.VersionLoggerListener.log 命令行参数：       -Djava.util.logging.manager=org.apache.juli.ClassLoaderLogManager
21-May-2021 20:25:59.577 信息 [main] org.apache.catalina.startup.VersionLoggerListener.log 命令行参数：       -Djdk.tls.ephemeralDHKeySize=2048
21-May-2021 20:25:59.578 信息 [main] org.apache.catalina.startup.VersionLoggerListener.log 命令行参数：       -Djava.protocol.handler.pkgs=org.apache.catalina.webresources
21-May-2021 20:25:59.578 信息 [main] org.apache.catalina.startup.VersionLoggerListener.log 命令行参数：       -agentlib:jdwp=transport=dt_socket,address=8000,server=y,suspend=y
21-May-2021 20:25:59.578 信息 [main] org.apache.catalina.startup.VersionLoggerListener.log 命令行参数：       -Dignore.endorsed.dirs=
21-May-2021 20:25:59.579 信息 [main] org.apache.catalina.startup.VersionLoggerListener.log 命令行参数：       -Dcatalina.base=D:\project\apache-tomcat\9.0.46\bin
21-May-2021 20:25:59.580 信息 [main] org.apache.catalina.startup.VersionLoggerListener.log 命令行参数：       -Dcatalina.home=D:\project\apache-tomcat\9.0.46\bin
21-May-2021 20:25:59.580 信息 [main] org.apache.catalina.startup.VersionLoggerListener.log 命令行参数：       -Djava.io.tmpdir=D:\project\apache-tomcat\9.0.46\bin\temp
21-May-2021 20:25:59.618 信息 [main] org.apache.catalina.core.AprLifecycleListener.lifecycleEvent 在java.library.path:[D:\Program Files\Java\jdk1.8.0_261\bin;C:\WINDOWS\Sun\Java\bin;C:\WINDOWS\system32;C:\WINDOWS;C:\Program Files (x86)\Common Files\Oracle\Java\javapath;C:\WINDOWS\system32;C:\WINDOWS;C:\WINDOWS\System32\Wbem;C:\WINDOWS\System32\WindowsPowerShell\v1.0\;C:\WINDOWS\System32\OpenSSH\;D:\Program Files\Java\jdk1.8.0_261\bin;D:\Program Files\Java\jdk1.8.0_261\jre\bin;D:\software\apache-maven-3.6.3\bin;D:\software\Apache-Subversion-1.14.0\bin;D:\Program Files\nodejs\;d:\Program Files\Git\cmd;D:\software\gradle-6.7.1\bin;";C:\WINDOWS\system32;C:\WINDOWS;C:\WINDOWS\System32\Wbem;C:\Windows\SysWOW64";C:\Program Files\Docker\Docker\resources\bin;C:\ProgramData\DockerDesktop\version-bin;D:\software\apache-ant-1.10.10\bin;C:\Users\Admin\AppData\Local\Microsoft\WindowsApps;C:\Users\Admin\AppData\Roaming\npm;d:\Users\Admin\AppData\Local\Programs\Fiddler;.]上找不到基于APR的Apache Tomcat本机库，该库允许在生产环境中获得最佳性能
21-May-2021 20:26:00.412 信息 [main] org.apache.coyote.AbstractProtocol.init 初始化协议处理器 ["http-nio-8080"]
21-May-2021 20:26:01.377 信息 [main] org.apache.catalina.startup.Catalina.load 服务器在[2369]毫秒内初始化
21-May-2021 20:26:01.462 信息 [main] org.apache.catalina.core.StandardService.startInternal 正在启动服务[Catalina]
21-May-2021 20:26:01.462 信息 [main] org.apache.catalina.core.StandardEngine.startInternal 正在启动 Servlet 引擎：[Apache Tomcat/9.0.46]
21-May-2021 20:26:01.492 信息 [main] org.apache.catalina.startup.HostConfig.deployDirectory 把web 应用程序部署到目录 [D:\project\apache-tomcat\9.0.46\bin\webapps\web-0.0.1-SNAPSHOT-test]
21-May-2021 20:26:07.553 信息 [main] org.apache.jasper.servlet.TldScanner.scanJars 至少有一个JAR被扫描用于TLD但尚未包含TLD。 为此记录器启用调试日志记录，以获取已扫描但未在其中找到TLD的完整JAR列表。 在扫描期间跳过不需要的JAR可以缩短启动时间和JSP编译时间。
21-May-2021 20:26:27.174 信息 [main] org.apache.catalina.startup.HostConfig.deployDirectory Web应用程序目录[D:\project\apache-tomcat\9.0.46\bin\webapps\web-0.0.1-SNAPSHOT-test]的部署已在[25,681]毫秒内完成
21-May-2021 20:26:27.182 信息 [main] org.apache.coyote.AbstractProtocol.start 开始协议处理句柄["http-nio-8080"]
21-May-2021 20:26:27.204 信息 [main] org.apache.catalina.startup.Catalina.start [25825]毫秒后服务器启动
